<?xml version="1.0" encoding="UTF-8"?>
<!-- Generated by org.testng.reporters.JUnitXMLReporter -->
<testsuite hostname="DESKTOP-KFO17RS" ignored="0" name="Command line test" tests="14" failures="0" timestamp="2020-06-04T04:16:04 PDT" time="0.2" errors="0">
  <testcase name="testMyArray" time="0.007" classname="com.ip.collection.ArrayListExaTest"/>
  <testcase name="testListInit" time="0.001" classname="com.ip.collection.ArrayListTest"/>
  <testcase name="testRemoveElement" time="0.0" classname="com.ip.collection.ArrayListTest"/>
  <testcase name="testSetElement" time="0.001" classname="com.ip.collection.ArrayListTest"/>
  <testcase name="test" time="0.005" classname="com.ip.collection.BoundedStackTest"/>
  <testcase name="shouldOfferPollableElement" time="0.001" classname="com.ip.collection.CircularBufferTest"/>
  <testcase name="shouldOfferPollableElement" time="0.001" classname="com.ip.collection.GenericCircularBufferTest"/>
  <testcase name="shouldRecycleBuffer" time="0.001" classname="com.ip.collection.GenericCircularBufferTest"/>
  <testcase name="test" time="0.008" classname="com.ip.collection.IntArraysTest"/>
  <testcase name="shouldAddItems" time="0.016" classname="com.ip.collection.ShipmentTest"/>
  <testcase name="test" time="0.003" classname="com.ip.collection.SinglyLinkedListTest"/>
  <testcase name="shouldFlipOrderOfMisorderedPair" time="0.003" classname="com.ip.collection.SortedPairTest"/>
  <testcase name="shouldRetainOrderOfOrderedPair" time="0.001" classname="com.ip.collection.SortedPairTest"/>
  <testcase name="test" time="0.002" classname="com.ip.collection.StackTest"/>
</testsuite> <!-- Command line test -->
