<?xml version="1.0" encoding="UTF-8"?>
<testng-results skipped="0" failed="0" ignored="0" total="1" passed="1">
  <reporter-output>
  </reporter-output>
  <suite name="Default suite" duration-ms="76" started-at="2020-06-04T03:48:39 PDT" finished-at="2020-06-04T03:48:39 PDT">
    <groups>
    </groups>
    <test name="Default test" duration-ms="76" started-at="2020-06-04T03:48:39 PDT" finished-at="2020-06-04T03:48:39 PDT">
      <class name="com.ip.collection.StackTest">
        <test-method status="PASS" signature="test()[pri:0, instance:com.ip.collection.StackTest@35d176f7]" name="test" duration-ms="12" started-at="2020-06-04T03:48:39 PDT" finished-at="2020-06-04T03:48:39 PDT">
          <reporter-output>
          </reporter-output>
        </test-method> <!-- test -->
      </class> <!-- com.ip.collection.StackTest -->
    </test> <!-- Default test -->
  </suite> <!-- Default suite -->
</testng-results>
